  BeanShooter.cpp
  ShooterManager.cpp
  WeaponManager.cpp
  ZombieManager.cpp
  Game.cpp
  Interface.cpp
  main.cpp
D:\C++程序设计-2023-大作业\QT简易入门和示例\Demo\Game\Game\BeanShooter.cpp(1,1): warning C4828: The file contains a character starting at offset 0xa9 that is illegal in the current source character set (codepage 65001).
D:\C++程序设计-2023-大作业\QT简易入门和示例\Demo\Game\Game\BeanShooter.cpp(1,1): warning C4828: The file contains a character starting at offset 0xaa that is illegal in the current source character set (codepage 65001).
D:\C++程序设计-2023-大作业\QT简易入门和示例\Demo\Game\Game\BeanShooter.cpp(1,1): warning C4828: The file contains a character starting at offset 0xab that is illegal in the current source character set (codepage 65001).
D:\C++程序设计-2023-大作业\QT简易入门和示例\Demo\Game\Game\BeanShooter.cpp(1,1): warning C4828: The file contains a character starting at offset 0xad that is illegal in the current source character set (codepage 65001).
D:\C++程序设计-2023-大作业\QT简易入门和示例\Demo\Game\Game\BeanShooter.cpp(1,1): warning C4828: The file contains a character starting at offset 0xaf that is illegal in the current source character set (codepage 65001).
D:\C++程序设计-2023-大作业\QT简易入门和示例\Demo\Game\Game\BeanShooter.cpp(1,1): warning C4828: The file contains a character starting at offset 0xb0 that is illegal in the current source character set (codepage 65001).
D:\C++程序设计-2023-大作业\QT简易入门和示例\Demo\Game\Game\ShooterManager.cpp(1,1): warning C4828: The file contains a character starting at offset 0x210 that is illegal in the current source character set (codepage 65001).
D:\C++程序设计-2023-大作业\QT简易入门和示例\Demo\Game\Game\ShooterManager.cpp(1,1): warning C4828: The file contains a character starting at offset 0x211 that is illegal in the current source character set (codepage 65001).
D:\C++程序设计-2023-大作业\QT简易入门和示例\Demo\Game\Game\ShooterManager.cpp(1,1): warning C4828: The file contains a character starting at offset 0x214 that is illegal in the current source character set (codepage 65001).
D:\C++程序设计-2023-大作业\QT简易入门和示例\Demo\Game\Game\ShooterManager.cpp(1,1): warning C4828: The file contains a character starting at offset 0x216 that is illegal in the current source character set (codepage 65001).
D:\C++程序设计-2023-大作业\QT简易入门和示例\Demo\Game\Game\ShooterManager.cpp(1,1): warning C4828: The file contains a character starting at offset 0x217 that is illegal in the current source character set (codepage 65001).
D:\C++程序设计-2023-大作业\QT简易入门和示例\Demo\Game\Game\ShooterManager.cpp(1,1): warning C4828: The file contains a character starting at offset 0x21b that is illegal in the current source character set (codepage 65001).
D:\C++程序设计-2023-大作业\QT简易入门和示例\Demo\Game\Game\ZombieManager.cpp(1,1): warning C4828: The file contains a character starting at offset 0x234 that is illegal in the current source character set (codepage 65001).
D:\C++程序设计-2023-大作业\QT简易入门和示例\Demo\Game\Game\ZombieManager.cpp(1,1): warning C4828: The file contains a character starting at offset 0x235 that is illegal in the current source character set (codepage 65001).
D:\C++程序设计-2023-大作业\QT简易入门和示例\Demo\Game\Game\ZombieManager.cpp(1,1): warning C4828: The file contains a character starting at offset 0x238 that is illegal in the current source character set (codepage 65001).
D:\C++程序设计-2023-大作业\QT简易入门和示例\Demo\Game\Game\ZombieManager.cpp(1,1): warning C4828: The file contains a character starting at offset 0x23a that is illegal in the current source character set (codepage 65001).
D:\C++程序设计-2023-大作业\QT简易入门和示例\Demo\Game\Game\ZombieManager.cpp(1,1): warning C4828: The file contains a character starting at offset 0x23b that is illegal in the current source character set (codepage 65001).
D:\C++程序设计-2023-大作业\QT简易入门和示例\Demo\Game\Game\ZombieManager.cpp(1,1): warning C4828: The file contains a character starting at offset 0x23f that is illegal in the current source character set (codepage 65001).
D:\C++程序设计-2023-大作业\QT简易入门和示例\Demo\Game\Game\MTObject.h(1,1): warning C4828: The file contains a character starting at offset 0x8b that is illegal in the current source character set (codepage 65001). (compiling source file Interface.cpp)
D:\C++程序设计-2023-大作业\QT简易入门和示例\Demo\Game\Game\MTObject.h(1,1): warning C4828: The file contains a character starting at offset 0x109 that is illegal in the current source character set (codepage 65001). (compiling source file Interface.cpp)
D:\C++程序设计-2023-大作业\QT简易入门和示例\Demo\Game\Game\MTObject.h(1,1): warning C4828: The file contains a character starting at offset 0x10b that is illegal in the current source character set (codepage 65001). (compiling source file Interface.cpp)
D:\C++程序设计-2023-大作业\QT简易入门和示例\Demo\Game\Game\MTObject.h(1,1): warning C4828: The file contains a character starting at offset 0x10c that is illegal in the current source character set (codepage 65001). (compiling source file Interface.cpp)
D:\C++程序设计-2023-大作业\QT简易入门和示例\Demo\Game\Game\MTObject.h(1,1): warning C4828: The file contains a character starting at offset 0x10f that is illegal in the current source character set (codepage 65001). (compiling source file Interface.cpp)
D:\C++程序设计-2023-大作业\QT简易入门和示例\Demo\Game\Game\MTObject.h(1,1): warning C4828: The file contains a character starting at offset 0x110 that is illegal in the current source character set (codepage 65001). (compiling source file Interface.cpp)
D:\C++程序设计-2023-大作业\QT简易入门和示例\Demo\Game\Game\MTObject.h(1,1): warning C4828: The file contains a character starting at offset 0x111 that is illegal in the current source character set (codepage 65001). (compiling source file Interface.cpp)
D:\C++程序设计-2023-大作业\QT简易入门和示例\Demo\Game\Game\MTObject.h(1,1): warning C4828: The file contains a character starting at offset 0x113 that is illegal in the current source character set (codepage 65001). (compiling source file Interface.cpp)
D:\C++程序设计-2023-大作业\QT简易入门和示例\Demo\Game\Game\MTObject.h(1,1): warning C4828: The file contains a character starting at offset 0x114 that is illegal in the current source character set (codepage 65001). (compiling source file Interface.cpp)
D:\C++程序设计-2023-大作业\QT简易入门和示例\Demo\Game\Game\MTObject.h(1,1): warning C4828: The file contains a character starting at offset 0x119 that is illegal in the current source character set (codepage 65001). (compiling source file Interface.cpp)
D:\C++程序设计-2023-大作业\QT简易入门和示例\Demo\Game\Game\MTObject.h(1,1): warning C4828: The file contains a character starting at offset 0x11b that is illegal in the current source character set (codepage 65001). (compiling source file Interface.cpp)
D:\C++程序设计-2023-大作业\QT简易入门和示例\Demo\Game\Game\MTObject.h(1,1): warning C4828: The file contains a character starting at offset 0x11c that is illegal in the current source character set (codepage 65001). (compiling source file Interface.cpp)
D:\C++程序设计-2023-大作业\QT简易入门和示例\Demo\Game\Game\MTObject.h(1,1): warning C4828: The file contains a character starting at offset 0x11d that is illegal in the current source character set (codepage 65001). (compiling source file Interface.cpp)
D:\C++程序设计-2023-大作业\QT简易入门和示例\Demo\Game\Game\MTObject.h(1,1): warning C4828: The file contains a character starting at offset 0x11e that is illegal in the current source character set (codepage 65001). (compiling source file Interface.cpp)
D:\C++程序设计-2023-大作业\QT简易入门和示例\Demo\Game\Game\MTObject.h(1,1): warning C4828: The file contains a character starting at offset 0x11f that is illegal in the current source character set (codepage 65001). (compiling source file Interface.cpp)
D:\C++程序设计-2023-大作业\QT简易入门和示例\Demo\Game\Game\MTObject.h(1,1): warning C4828: The file contains a character starting at offset 0x121 that is illegal in the current source character set (codepage 65001). (compiling source file Interface.cpp)
D:\C++程序设计-2023-大作业\QT简易入门和示例\Demo\Game\Game\MTObject.h(1,1): warning C4828: The file contains a character starting at offset 0x122 that is illegal in the current source character set (codepage 65001). (compiling source file Interface.cpp)
D:\C++程序设计-2023-大作业\QT简易入门和示例\Demo\Game\Game\MTObject.h(1,1): warning C4828: The file contains a character starting at offset 0x124 that is illegal in the current source character set (codepage 65001). (compiling source file Interface.cpp)
D:\C++程序设计-2023-大作业\QT简易入门和示例\Demo\Game\Game\MTObject.h(1,1): warning C4828: The file contains a character starting at offset 0x125 that is illegal in the current source character set (codepage 65001). (compiling source file Interface.cpp)
D:\C++程序设计-2023-大作业\QT简易入门和示例\Demo\Game\Game\MTObject.h(1,1): warning C4828: The file contains a character starting at offset 0x8b that is illegal in the current source character set (codepage 65001). (compiling source file BeanShooter.cpp)
D:\C++程序设计-2023-大作业\QT简易入门和示例\Demo\Game\Game\MTObject.h(1,1): warning C4828: The file contains a character starting at offset 0x109 that is illegal in the current source character set (codepage 65001). (compiling source file BeanShooter.cpp)
D:\C++程序设计-2023-大作业\QT简易入门和示例\Demo\Game\Game\MTObject.h(1,1): warning C4828: The file contains a character starting at offset 0x10b that is illegal in the current source character set (codepage 65001). (compiling source file BeanShooter.cpp)
D:\C++程序设计-2023-大作业\QT简易入门和示例\Demo\Game\Game\MTObject.h(1,1): warning C4828: The file contains a character starting at offset 0x10c that is illegal in the current source character set (codepage 65001). (compiling source file BeanShooter.cpp)
D:\C++程序设计-2023-大作业\QT简易入门和示例\Demo\Game\Game\MTObject.h(1,1): warning C4828: The file contains a character starting at offset 0x10f that is illegal in the current source character set (codepage 65001). (compiling source file BeanShooter.cpp)
D:\C++程序设计-2023-大作业\QT简易入门和示例\Demo\Game\Game\MTObject.h(1,1): warning C4828: The file contains a character starting at offset 0x110 that is illegal in the current source character set (codepage 65001). (compiling source file BeanShooter.cpp)
D:\C++程序设计-2023-大作业\QT简易入门和示例\Demo\Game\Game\MTObject.h(1,1): warning C4828: The file contains a character starting at offset 0x111 that is illegal in the current source character set (codepage 65001). (compiling source file BeanShooter.cpp)
D:\C++程序设计-2023-大作业\QT简易入门和示例\Demo\Game\Game\MTObject.h(1,1): warning C4828: The file contains a character starting at offset 0x113 that is illegal in the current source character set (codepage 65001). (compiling source file BeanShooter.cpp)
D:\C++程序设计-2023-大作业\QT简易入门和示例\Demo\Game\Game\MTObject.h(1,1): warning C4828: The file contains a character starting at offset 0x114 that is illegal in the current source character set (codepage 65001). (compiling source file BeanShooter.cpp)
D:\C++程序设计-2023-大作业\QT简易入门和示例\Demo\Game\Game\MTObject.h(1,1): warning C4828: The file contains a character starting at offset 0x119 that is illegal in the current source character set (codepage 65001). (compiling source file BeanShooter.cpp)
D:\C++程序设计-2023-大作业\QT简易入门和示例\Demo\Game\Game\MTObject.h(1,1): warning C4828: The file contains a character starting at offset 0x11b that is illegal in the current source character set (codepage 65001). (compiling source file BeanShooter.cpp)
D:\C++程序设计-2023-大作业\QT简易入门和示例\Demo\Game\Game\MTObject.h(1,1): warning C4828: The file contains a character starting at offset 0x11c that is illegal in the current source character set (codepage 65001). (compiling source file BeanShooter.cpp)
D:\C++程序设计-2023-大作业\QT简易入门和示例\Demo\Game\Game\MTObject.h(1,1): warning C4828: The file contains a character starting at offset 0x11d that is illegal in the current source character set (codepage 65001). (compiling source file BeanShooter.cpp)
D:\C++程序设计-2023-大作业\QT简易入门和示例\Demo\Game\Game\MTObject.h(1,1): warning C4828: The file contains a character starting at offset 0x11e that is illegal in the current source character set (codepage 65001). (compiling source file BeanShooter.cpp)
D:\C++程序设计-2023-大作业\QT简易入门和示例\Demo\Game\Game\MTObject.h(1,1): warning C4828: The file contains a character starting at offset 0x11f that is illegal in the current source character set (codepage 65001). (compiling source file BeanShooter.cpp)
D:\C++程序设计-2023-大作业\QT简易入门和示例\Demo\Game\Game\MTObject.h(1,1): warning C4828: The file contains a character starting at offset 0x121 that is illegal in the current source character set (codepage 65001). (compiling source file BeanShooter.cpp)
D:\C++程序设计-2023-大作业\QT简易入门和示例\Demo\Game\Game\MTObject.h(1,1): warning C4828: The file contains a character starting at offset 0x122 that is illegal in the current source character set (codepage 65001). (compiling source file BeanShooter.cpp)
D:\C++程序设计-2023-大作业\QT简易入门和示例\Demo\Game\Game\MTObject.h(1,1): warning C4828: The file contains a character starting at offset 0x124 that is illegal in the current source character set (codepage 65001). (compiling source file BeanShooter.cpp)
D:\C++程序设计-2023-大作业\QT简易入门和示例\Demo\Game\Game\MTObject.h(1,1): warning C4828: The file contains a character starting at offset 0x125 that is illegal in the current source character set (codepage 65001). (compiling source file BeanShooter.cpp)
D:\C++程序设计-2023-大作业\QT简易入门和示例\Demo\Game\Game\MTObject.h(1,1): warning C4828: The file contains a character starting at offset 0x8b that is illegal in the current source character set (codepage 65001). (compiling source file ShooterManager.cpp)
D:\C++程序设计-2023-大作业\QT简易入门和示例\Demo\Game\Game\MTObject.h(1,1): warning C4828: The file contains a character starting at offset 0x109 that is illegal in the current source character set (codepage 65001). (compiling source file ShooterManager.cpp)
D:\C++程序设计-2023-大作业\QT简易入门和示例\Demo\Game\Game\MTObject.h(1,1): warning C4828: The file contains a character starting at offset 0x10b that is illegal in the current source character set (codepage 65001). (compiling source file ShooterManager.cpp)
D:\C++程序设计-2023-大作业\QT简易入门和示例\Demo\Game\Game\MTObject.h(1,1): warning C4828: The file contains a character starting at offset 0x10c that is illegal in the current source character set (codepage 65001). (compiling source file ShooterManager.cpp)
D:\C++程序设计-2023-大作业\QT简易入门和示例\Demo\Game\Game\MTObject.h(1,1): warning C4828: The file contains a character starting at offset 0x10f that is illegal in the current source character set (codepage 65001). (compiling source file ShooterManager.cpp)
D:\C++程序设计-2023-大作业\QT简易入门和示例\Demo\Game\Game\MTObject.h(1,1): warning C4828: The file contains a character starting at offset 0x110 that is illegal in the current source character set (codepage 65001). (compiling source file ShooterManager.cpp)
D:\C++程序设计-2023-大作业\QT简易入门和示例\Demo\Game\Game\MTObject.h(1,1): warning C4828: The file contains a character starting at offset 0x111 that is illegal in the current source character set (codepage 65001). (compiling source file ShooterManager.cpp)
D:\C++程序设计-2023-大作业\QT简易入门和示例\Demo\Game\Game\MTObject.h(1,1): warning C4828: The file contains a character starting at offset 0x113 that is illegal in the current source character set (codepage 65001). (compiling source file ShooterManager.cpp)
D:\C++程序设计-2023-大作业\QT简易入门和示例\Demo\Game\Game\MTObject.h(1,1): warning C4828: The file contains a character starting at offset 0x114 that is illegal in the current source character set (codepage 65001). (compiling source file ShooterManager.cpp)
D:\C++程序设计-2023-大作业\QT简易入门和示例\Demo\Game\Game\MTObject.h(1,1): warning C4828: The file contains a character starting at offset 0x119 that is illegal in the current source character set (codepage 65001). (compiling source file ShooterManager.cpp)
D:\C++程序设计-2023-大作业\QT简易入门和示例\Demo\Game\Game\MTObject.h(1,1): warning C4828: The file contains a character starting at offset 0x11b that is illegal in the current source character set (codepage 65001). (compiling source file ShooterManager.cpp)
D:\C++程序设计-2023-大作业\QT简易入门和示例\Demo\Game\Game\MTObject.h(1,1): warning C4828: The file contains a character starting at offset 0x11c that is illegal in the current source character set (codepage 65001). (compiling source file ShooterManager.cpp)
D:\C++程序设计-2023-大作业\QT简易入门和示例\Demo\Game\Game\MTObject.h(1,1): warning C4828: The file contains a character starting at offset 0x11d that is illegal in the current source character set (codepage 65001). (compiling source file ShooterManager.cpp)
D:\C++程序设计-2023-大作业\QT简易入门和示例\Demo\Game\Game\MTObject.h(1,1): warning C4828: The file contains a character starting at offset 0x11e that is illegal in the current source character set (codepage 65001). (compiling source file ShooterManager.cpp)
D:\C++程序设计-2023-大作业\QT简易入门和示例\Demo\Game\Game\MTObject.h(1,1): warning C4828: The file contains a character starting at offset 0x11f that is illegal in the current source character set (codepage 65001). (compiling source file ShooterManager.cpp)
D:\C++程序设计-2023-大作业\QT简易入门和示例\Demo\Game\Game\MTObject.h(1,1): warning C4828: The file contains a character starting at offset 0x121 that is illegal in the current source character set (codepage 65001). (compiling source file ShooterManager.cpp)
D:\C++程序设计-2023-大作业\QT简易入门和示例\Demo\Game\Game\MTObject.h(1,1): warning C4828: The file contains a character starting at offset 0x122 that is illegal in the current source character set (codepage 65001). (compiling source file ShooterManager.cpp)
D:\C++程序设计-2023-大作业\QT简易入门和示例\Demo\Game\Game\MTObject.h(1,1): warning C4828: The file contains a character starting at offset 0x124 that is illegal in the current source character set (codepage 65001). (compiling source file ShooterManager.cpp)
D:\C++程序设计-2023-大作业\QT简易入门和示例\Demo\Game\Game\MTObject.h(1,1): warning C4828: The file contains a character starting at offset 0x125 that is illegal in the current source character set (codepage 65001). (compiling source file ShooterManager.cpp)
D:\C++程序设计-2023-大作业\QT简易入门和示例\Demo\Game\Game\MTObject.h(1,1): warning C4828: The file contains a character starting at offset 0x8b that is illegal in the current source character set (codepage 65001). (compiling source file WeaponManager.cpp)
D:\C++程序设计-2023-大作业\QT简易入门和示例\Demo\Game\Game\MTObject.h(1,1): warning C4828: The file contains a character starting at offset 0x109 that is illegal in the current source character set (codepage 65001). (compiling source file WeaponManager.cpp)
D:\C++程序设计-2023-大作业\QT简易入门和示例\Demo\Game\Game\MTObject.h(1,1): warning C4828: The file contains a character starting at offset 0x10b that is illegal in the current source character set (codepage 65001). (compiling source file WeaponManager.cpp)
D:\C++程序设计-2023-大作业\QT简易入门和示例\Demo\Game\Game\MTObject.h(1,1): warning C4828: The file contains a character starting at offset 0x10c that is illegal in the current source character set (codepage 65001). (compiling source file WeaponManager.cpp)
D:\C++程序设计-2023-大作业\QT简易入门和示例\Demo\Game\Game\MTObject.h(1,1): warning C4828: The file contains a character starting at offset 0x10f that is illegal in the current source character set (codepage 65001). (compiling source file WeaponManager.cpp)
D:\C++程序设计-2023-大作业\QT简易入门和示例\Demo\Game\Game\MTObject.h(1,1): warning C4828: The file contains a character starting at offset 0x110 that is illegal in the current source character set (codepage 65001). (compiling source file WeaponManager.cpp)
D:\C++程序设计-2023-大作业\QT简易入门和示例\Demo\Game\Game\MTObject.h(1,1): warning C4828: The file contains a character starting at offset 0x111 that is illegal in the current source character set (codepage 65001). (compiling source file WeaponManager.cpp)
D:\C++程序设计-2023-大作业\QT简易入门和示例\Demo\Game\Game\MTObject.h(1,1): warning C4828: The file contains a character starting at offset 0x113 that is illegal in the current source character set (codepage 65001). (compiling source file WeaponManager.cpp)
D:\C++程序设计-2023-大作业\QT简易入门和示例\Demo\Game\Game\MTObject.h(1,1): warning C4828: The file contains a character starting at offset 0x114 that is illegal in the current source character set (codepage 65001). (compiling source file WeaponManager.cpp)
D:\C++程序设计-2023-大作业\QT简易入门和示例\Demo\Game\Game\MTObject.h(1,1): warning C4828: The file contains a character starting at offset 0x119 that is illegal in the current source character set (codepage 65001). (compiling source file WeaponManager.cpp)
D:\C++程序设计-2023-大作业\QT简易入门和示例\Demo\Game\Game\MTObject.h(1,1): warning C4828: The file contains a character starting at offset 0x11b that is illegal in the current source character set (codepage 65001). (compiling source file WeaponManager.cpp)
D:\C++程序设计-2023-大作业\QT简易入门和示例\Demo\Game\Game\MTObject.h(1,1): warning C4828: The file contains a character starting at offset 0x11c that is illegal in the current source character set (codepage 65001). (compiling source file WeaponManager.cpp)
D:\C++程序设计-2023-大作业\QT简易入门和示例\Demo\Game\Game\MTObject.h(1,1): warning C4828: The file contains a character starting at offset 0x11d that is illegal in the current source character set (codepage 65001). (compiling source file WeaponManager.cpp)
D:\C++程序设计-2023-大作业\QT简易入门和示例\Demo\Game\Game\MTObject.h(1,1): warning C4828: The file contains a character starting at offset 0x11e that is illegal in the current source character set (codepage 65001). (compiling source file WeaponManager.cpp)
D:\C++程序设计-2023-大作业\QT简易入门和示例\Demo\Game\Game\MTObject.h(1,1): warning C4828: The file contains a character starting at offset 0x11f that is illegal in the current source character set (codepage 65001). (compiling source file WeaponManager.cpp)
D:\C++程序设计-2023-大作业\QT简易入门和示例\Demo\Game\Game\MTObject.h(1,1): warning C4828: The file contains a character starting at offset 0x121 that is illegal in the current source character set (codepage 65001). (compiling source file WeaponManager.cpp)
D:\C++程序设计-2023-大作业\QT简易入门和示例\Demo\Game\Game\MTObject.h(1,1): warning C4828: The file contains a character starting at offset 0x122 that is illegal in the current source character set (codepage 65001). (compiling source file WeaponManager.cpp)
D:\C++程序设计-2023-大作业\QT简易入门和示例\Demo\Game\Game\MTObject.h(1,1): warning C4828: The file contains a character starting at offset 0x124 that is illegal in the current source character set (codepage 65001). (compiling source file WeaponManager.cpp)
D:\C++程序设计-2023-大作业\QT简易入门和示例\Demo\Game\Game\MTObject.h(1,1): warning C4828: The file contains a character starting at offset 0x125 that is illegal in the current source character set (codepage 65001). (compiling source file WeaponManager.cpp)
D:\C++程序设计-2023-大作业\QT简易入门和示例\Demo\Game\Game\MTObject.h(1,1): warning C4828: The file contains a character starting at offset 0x8b that is illegal in the current source character set (codepage 65001). (compiling source file ZombieManager.cpp)
D:\C++程序设计-2023-大作业\QT简易入门和示例\Demo\Game\Game\MTObject.h(1,1): warning C4828: The file contains a character starting at offset 0x109 that is illegal in the current source character set (codepage 65001). (compiling source file ZombieManager.cpp)
D:\C++程序设计-2023-大作业\QT简易入门和示例\Demo\Game\Game\MTObject.h(1,1): warning C4828: The file contains a character starting at offset 0x10b that is illegal in the current source character set (codepage 65001). (compiling source file ZombieManager.cpp)
D:\C++程序设计-2023-大作业\QT简易入门和示例\Demo\Game\Game\MTObject.h(1,1): warning C4828: The file contains a character starting at offset 0x10c that is illegal in the current source character set (codepage 65001). (compiling source file ZombieManager.cpp)
D:\C++程序设计-2023-大作业\QT简易入门和示例\Demo\Game\Game\MTObject.h(1,1): warning C4828: The file contains a character starting at offset 0x10f that is illegal in the current source character set (codepage 65001). (compiling source file ZombieManager.cpp)
D:\C++程序设计-2023-大作业\QT简易入门和示例\Demo\Game\Game\MTObject.h(1,1): warning C4828: The file contains a character starting at offset 0x110 that is illegal in the current source character set (codepage 65001). (compiling source file ZombieManager.cpp)
D:\C++程序设计-2023-大作业\QT简易入门和示例\Demo\Game\Game\MTObject.h(1,1): warning C4828: The file contains a character starting at offset 0x111 that is illegal in the current source character set (codepage 65001). (compiling source file ZombieManager.cpp)
D:\C++程序设计-2023-大作业\QT简易入门和示例\Demo\Game\Game\MTObject.h(1,1): warning C4828: The file contains a character starting at offset 0x113 that is illegal in the current source character set (codepage 65001). (compiling source file ZombieManager.cpp)
D:\C++程序设计-2023-大作业\QT简易入门和示例\Demo\Game\Game\MTObject.h(1,1): warning C4828: The file contains a character starting at offset 0x114 that is illegal in the current source character set (codepage 65001). (compiling source file ZombieManager.cpp)
D:\C++程序设计-2023-大作业\QT简易入门和示例\Demo\Game\Game\MTObject.h(1,1): warning C4828: The file contains a character starting at offset 0x119 that is illegal in the current source character set (codepage 65001). (compiling source file ZombieManager.cpp)
D:\C++程序设计-2023-大作业\QT简易入门和示例\Demo\Game\Game\MTObject.h(1,1): warning C4828: The file contains a character starting at offset 0x11b that is illegal in the current source character set (codepage 65001). (compiling source file ZombieManager.cpp)
D:\C++程序设计-2023-大作业\QT简易入门和示例\Demo\Game\Game\MTObject.h(1,1): warning C4828: The file contains a character starting at offset 0x11c that is illegal in the current source character set (codepage 65001). (compiling source file ZombieManager.cpp)
D:\C++程序设计-2023-大作业\QT简易入门和示例\Demo\Game\Game\MTObject.h(1,1): warning C4828: The file contains a character starting at offset 0x11d that is illegal in the current source character set (codepage 65001). (compiling source file ZombieManager.cpp)
D:\C++程序设计-2023-大作业\QT简易入门和示例\Demo\Game\Game\MTObject.h(1,1): warning C4828: The file contains a character starting at offset 0x11e that is illegal in the current source character set (codepage 65001). (compiling source file ZombieManager.cpp)
D:\C++程序设计-2023-大作业\QT简易入门和示例\Demo\Game\Game\MTObject.h(1,1): warning C4828: The file contains a character starting at offset 0x11f that is illegal in the current source character set (codepage 65001). (compiling source file ZombieManager.cpp)
D:\C++程序设计-2023-大作业\QT简易入门和示例\Demo\Game\Game\MTObject.h(1,1): warning C4828: The file contains a character starting at offset 0x121 that is illegal in the current source character set (codepage 65001). (compiling source file ZombieManager.cpp)
D:\C++程序设计-2023-大作业\QT简易入门和示例\Demo\Game\Game\MTObject.h(1,1): warning C4828: The file contains a character starting at offset 0x122 that is illegal in the current source character set (codepage 65001). (compiling source file ZombieManager.cpp)
D:\C++程序设计-2023-大作业\QT简易入门和示例\Demo\Game\Game\MTObject.h(1,1): warning C4828: The file contains a character starting at offset 0x124 that is illegal in the current source character set (codepage 65001). (compiling source file ZombieManager.cpp)
D:\C++程序设计-2023-大作业\QT简易入门和示例\Demo\Game\Game\MTObject.h(1,1): warning C4828: The file contains a character starting at offset 0x125 that is illegal in the current source character set (codepage 65001). (compiling source file ZombieManager.cpp)
D:\C++程序设计-2023-大作业\QT简易入门和示例\Demo\Game\Game\MTObject.h(1,1): warning C4828: The file contains a character starting at offset 0x8b that is illegal in the current source character set (codepage 65001). (compiling source file main.cpp)
D:\C++程序设计-2023-大作业\QT简易入门和示例\Demo\Game\Game\MTObject.h(1,1): warning C4828: The file contains a character starting at offset 0x109 that is illegal in the current source character set (codepage 65001). (compiling source file main.cpp)
D:\C++程序设计-2023-大作业\QT简易入门和示例\Demo\Game\Game\MTObject.h(1,1): warning C4828: The file contains a character starting at offset 0x10b that is illegal in the current source character set (codepage 65001). (compiling source file main.cpp)
D:\C++程序设计-2023-大作业\QT简易入门和示例\Demo\Game\Game\MTObject.h(1,1): warning C4828: The file contains a character starting at offset 0x10c that is illegal in the current source character set (codepage 65001). (compiling source file main.cpp)
D:\C++程序设计-2023-大作业\QT简易入门和示例\Demo\Game\Game\MTObject.h(1,1): warning C4828: The file contains a character starting at offset 0x10f that is illegal in the current source character set (codepage 65001). (compiling source file main.cpp)
D:\C++程序设计-2023-大作业\QT简易入门和示例\Demo\Game\Game\MTObject.h(1,1): warning C4828: The file contains a character starting at offset 0x110 that is illegal in the current source character set (codepage 65001). (compiling source file main.cpp)
D:\C++程序设计-2023-大作业\QT简易入门和示例\Demo\Game\Game\MTObject.h(1,1): warning C4828: The file contains a character starting at offset 0x111 that is illegal in the current source character set (codepage 65001). (compiling source file main.cpp)
D:\C++程序设计-2023-大作业\QT简易入门和示例\Demo\Game\Game\MTObject.h(1,1): warning C4828: The file contains a character starting at offset 0x113 that is illegal in the current source character set (codepage 65001). (compiling source file main.cpp)
D:\C++程序设计-2023-大作业\QT简易入门和示例\Demo\Game\Game\MTObject.h(1,1): warning C4828: The file contains a character starting at offset 0x114 that is illegal in the current source character set (codepage 65001). (compiling source file main.cpp)
D:\C++程序设计-2023-大作业\QT简易入门和示例\Demo\Game\Game\MTObject.h(1,1): warning C4828: The file contains a character starting at offset 0x119 that is illegal in the current source character set (codepage 65001). (compiling source file main.cpp)
D:\C++程序设计-2023-大作业\QT简易入门和示例\Demo\Game\Game\MTObject.h(1,1): warning C4828: The file contains a character starting at offset 0x11b that is illegal in the current source character set (codepage 65001). (compiling source file main.cpp)
D:\C++程序设计-2023-大作业\QT简易入门和示例\Demo\Game\Game\MTObject.h(1,1): warning C4828: The file contains a character starting at offset 0x11c that is illegal in the current source character set (codepage 65001). (compiling source file main.cpp)
D:\C++程序设计-2023-大作业\QT简易入门和示例\Demo\Game\Game\MTObject.h(1,1): warning C4828: The file contains a character starting at offset 0x11d that is illegal in the current source character set (codepage 65001). (compiling source file main.cpp)
D:\C++程序设计-2023-大作业\QT简易入门和示例\Demo\Game\Game\MTObject.h(1,1): warning C4828: The file contains a character starting at offset 0x11e that is illegal in the current source character set (codepage 65001). (compiling source file main.cpp)
D:\C++程序设计-2023-大作业\QT简易入门和示例\Demo\Game\Game\MTObject.h(1,1): warning C4828: The file contains a character starting at offset 0x11f that is illegal in the current source character set (codepage 65001). (compiling source file main.cpp)
D:\C++程序设计-2023-大作业\QT简易入门和示例\Demo\Game\Game\MTObject.h(1,1): warning C4828: The file contains a character starting at offset 0x121 that is illegal in the current source character set (codepage 65001). (compiling source file main.cpp)
D:\C++程序设计-2023-大作业\QT简易入门和示例\Demo\Game\Game\MTObject.h(1,1): warning C4828: The file contains a character starting at offset 0x122 that is illegal in the current source character set (codepage 65001). (compiling source file main.cpp)
D:\C++程序设计-2023-大作业\QT简易入门和示例\Demo\Game\Game\MTObject.h(1,1): warning C4828: The file contains a character starting at offset 0x124 that is illegal in the current source character set (codepage 65001). (compiling source file main.cpp)
D:\C++程序设计-2023-大作业\QT简易入门和示例\Demo\Game\Game\MTObject.h(1,1): warning C4828: The file contains a character starting at offset 0x125 that is illegal in the current source character set (codepage 65001). (compiling source file main.cpp)
D:\C++程序设计-2023-大作业\QT简易入门和示例\Demo\Game\Game\MTObject.h(1,1): warning C4828: The file contains a character starting at offset 0x8b that is illegal in the current source character set (codepage 65001). (compiling source file Game.cpp)
D:\C++程序设计-2023-大作业\QT简易入门和示例\Demo\Game\Game\MTObject.h(1,1): warning C4828: The file contains a character starting at offset 0x109 that is illegal in the current source character set (codepage 65001). (compiling source file Game.cpp)
D:\C++程序设计-2023-大作业\QT简易入门和示例\Demo\Game\Game\MTObject.h(1,1): warning C4828: The file contains a character starting at offset 0x10b that is illegal in the current source character set (codepage 65001). (compiling source file Game.cpp)
D:\C++程序设计-2023-大作业\QT简易入门和示例\Demo\Game\Game\MTObject.h(1,1): warning C4828: The file contains a character starting at offset 0x10c that is illegal in the current source character set (codepage 65001). (compiling source file Game.cpp)
D:\C++程序设计-2023-大作业\QT简易入门和示例\Demo\Game\Game\MTObject.h(1,1): warning C4828: The file contains a character starting at offset 0x10f that is illegal in the current source character set (codepage 65001). (compiling source file Game.cpp)
D:\C++程序设计-2023-大作业\QT简易入门和示例\Demo\Game\Game\MTObject.h(1,1): warning C4828: The file contains a character starting at offset 0x110 that is illegal in the current source character set (codepage 65001). (compiling source file Game.cpp)
D:\C++程序设计-2023-大作业\QT简易入门和示例\Demo\Game\Game\MTObject.h(1,1): warning C4828: The file contains a character starting at offset 0x111 that is illegal in the current source character set (codepage 65001). (compiling source file Game.cpp)
D:\C++程序设计-2023-大作业\QT简易入门和示例\Demo\Game\Game\MTObject.h(1,1): warning C4828: The file contains a character starting at offset 0x113 that is illegal in the current source character set (codepage 65001). (compiling source file Game.cpp)
D:\C++程序设计-2023-大作业\QT简易入门和示例\Demo\Game\Game\MTObject.h(1,1): warning C4828: The file contains a character starting at offset 0x114 that is illegal in the current source character set (codepage 65001). (compiling source file Game.cpp)
D:\C++程序设计-2023-大作业\QT简易入门和示例\Demo\Game\Game\MTObject.h(1,1): warning C4828: The file contains a character starting at offset 0x119 that is illegal in the current source character set (codepage 65001). (compiling source file Game.cpp)
D:\C++程序设计-2023-大作业\QT简易入门和示例\Demo\Game\Game\MTObject.h(1,1): warning C4828: The file contains a character starting at offset 0x11b that is illegal in the current source character set (codepage 65001). (compiling source file Game.cpp)
D:\C++程序设计-2023-大作业\QT简易入门和示例\Demo\Game\Game\MTObject.h(1,1): warning C4828: The file contains a character starting at offset 0x11c that is illegal in the current source character set (codepage 65001). (compiling source file Game.cpp)
D:\C++程序设计-2023-大作业\QT简易入门和示例\Demo\Game\Game\MTObject.h(1,1): warning C4828: The file contains a character starting at offset 0x11d that is illegal in the current source character set (codepage 65001). (compiling source file Game.cpp)
D:\C++程序设计-2023-大作业\QT简易入门和示例\Demo\Game\Game\MTObject.h(1,1): warning C4828: The file contains a character starting at offset 0x11e that is illegal in the current source character set (codepage 65001). (compiling source file Game.cpp)
D:\C++程序设计-2023-大作业\QT简易入门和示例\Demo\Game\Game\MTObject.h(1,1): warning C4828: The file contains a character starting at offset 0x11f that is illegal in the current source character set (codepage 65001). (compiling source file Game.cpp)
D:\C++程序设计-2023-大作业\QT简易入门和示例\Demo\Game\Game\MTObject.h(1,1): warning C4828: The file contains a character starting at offset 0x121 that is illegal in the current source character set (codepage 65001). (compiling source file Game.cpp)
D:\C++程序设计-2023-大作业\QT简易入门和示例\Demo\Game\Game\MTObject.h(1,1): warning C4828: The file contains a character starting at offset 0x122 that is illegal in the current source character set (codepage 65001). (compiling source file Game.cpp)
D:\C++程序设计-2023-大作业\QT简易入门和示例\Demo\Game\Game\MTObject.h(1,1): warning C4828: The file contains a character starting at offset 0x124 that is illegal in the current source character set (codepage 65001). (compiling source file Game.cpp)
D:\C++程序设计-2023-大作业\QT简易入门和示例\Demo\Game\Game\MTObject.h(1,1): warning C4828: The file contains a character starting at offset 0x125 that is illegal in the current source character set (codepage 65001). (compiling source file Game.cpp)
  moc_Game.cpp
D:\C++程序设计-2023-大作业\QT简易入门和示例\Demo\Game\Game\MTObject.h(1,1): warning C4828: The file contains a character starting at offset 0x8b that is illegal in the current source character set (codepage 65001).
D:\C++程序设计-2023-大作业\QT简易入门和示例\Demo\Game\Game\MTObject.h(1,1): warning C4828: The file contains a character starting at offset 0x109 that is illegal in the current source character set (codepage 65001).
D:\C++程序设计-2023-大作业\QT简易入门和示例\Demo\Game\Game\MTObject.h(1,1): warning C4828: The file contains a character starting at offset 0x10b that is illegal in the current source character set (codepage 65001).
D:\C++程序设计-2023-大作业\QT简易入门和示例\Demo\Game\Game\MTObject.h(1,1): warning C4828: The file contains a character starting at offset 0x10c that is illegal in the current source character set (codepage 65001).
D:\C++程序设计-2023-大作业\QT简易入门和示例\Demo\Game\Game\MTObject.h(1,1): warning C4828: The file contains a character starting at offset 0x10f that is illegal in the current source character set (codepage 65001).
D:\C++程序设计-2023-大作业\QT简易入门和示例\Demo\Game\Game\MTObject.h(1,1): warning C4828: The file contains a character starting at offset 0x110 that is illegal in the current source character set (codepage 65001).
D:\C++程序设计-2023-大作业\QT简易入门和示例\Demo\Game\Game\MTObject.h(1,1): warning C4828: The file contains a character starting at offset 0x111 that is illegal in the current source character set (codepage 65001).
D:\C++程序设计-2023-大作业\QT简易入门和示例\Demo\Game\Game\MTObject.h(1,1): warning C4828: The file contains a character starting at offset 0x113 that is illegal in the current source character set (codepage 65001).
D:\C++程序设计-2023-大作业\QT简易入门和示例\Demo\Game\Game\MTObject.h(1,1): warning C4828: The file contains a character starting at offset 0x114 that is illegal in the current source character set (codepage 65001).
D:\C++程序设计-2023-大作业\QT简易入门和示例\Demo\Game\Game\MTObject.h(1,1): warning C4828: The file contains a character starting at offset 0x119 that is illegal in the current source character set (codepage 65001).
D:\C++程序设计-2023-大作业\QT简易入门和示例\Demo\Game\Game\MTObject.h(1,1): warning C4828: The file contains a character starting at offset 0x11b that is illegal in the current source character set (codepage 65001).
D:\C++程序设计-2023-大作业\QT简易入门和示例\Demo\Game\Game\MTObject.h(1,1): warning C4828: The file contains a character starting at offset 0x11c that is illegal in the current source character set (codepage 65001).
D:\C++程序设计-2023-大作业\QT简易入门和示例\Demo\Game\Game\MTObject.h(1,1): warning C4828: The file contains a character starting at offset 0x11d that is illegal in the current source character set (codepage 65001).
D:\C++程序设计-2023-大作业\QT简易入门和示例\Demo\Game\Game\MTObject.h(1,1): warning C4828: The file contains a character starting at offset 0x11e that is illegal in the current source character set (codepage 65001).
D:\C++程序设计-2023-大作业\QT简易入门和示例\Demo\Game\Game\MTObject.h(1,1): warning C4828: The file contains a character starting at offset 0x11f that is illegal in the current source character set (codepage 65001).
D:\C++程序设计-2023-大作业\QT简易入门和示例\Demo\Game\Game\MTObject.h(1,1): warning C4828: The file contains a character starting at offset 0x121 that is illegal in the current source character set (codepage 65001).
D:\C++程序设计-2023-大作业\QT简易入门和示例\Demo\Game\Game\MTObject.h(1,1): warning C4828: The file contains a character starting at offset 0x122 that is illegal in the current source character set (codepage 65001).
D:\C++程序设计-2023-大作业\QT简易入门和示例\Demo\Game\Game\MTObject.h(1,1): warning C4828: The file contains a character starting at offset 0x124 that is illegal in the current source character set (codepage 65001).
D:\C++程序设计-2023-大作业\QT简易入门和示例\Demo\Game\Game\MTObject.h(1,1): warning C4828: The file contains a character starting at offset 0x125 that is illegal in the current source character set (codepage 65001).
  Game.vcxproj -> D:\C++程序设计-2023-大作业\QT简易入门和示例\Demo\Game\x64\Debug\Game.exe
